<?xml version="1.0" encoding="UTF-8"?>
<testng-results skipped="0" failed="0" total="3" passed="3">
  <reporter-output>
  </reporter-output>
  <suite name="Default suite" duration-ms="150272" started-at="2017-07-26T04:02:08Z" finished-at="2017-07-26T04:04:38Z">
    <groups>
    </groups>
    <test name="Default test" duration-ms="150272" started-at="2017-07-26T04:02:08Z" finished-at="2017-07-26T04:04:38Z">
      <class name="DDT.Amazon_Login">
        <test-method status="PASS" signature="login_Amazon(java.lang.String, java.lang.String)[pri:0, instance:DDT.Amazon_Login@56ac3a89]" name="login_Amazon" duration-ms="72243" started-at="2017-07-26T00:02:09Z" data-provider="TestData" finished-at="2017-07-26T00:03:21Z">
          <params>
            <param index="0">
              <value>
                <![CDATA[debazroy@yahoo.com]]>
              </value>
            </param>
            <param index="1">
              <value>
                <![CDATA[nidhiroy]]>
              </value>
            </param>
          </params>
          <reporter-output>
          </reporter-output>
        </test-method> <!-- login_Amazon -->
        <test-method status="PASS" signature="login_Amazon(java.lang.String, java.lang.String)[pri:0, instance:DDT.Amazon_Login@56ac3a89]" name="login_Amazon" duration-ms="32601" started-at="2017-07-26T00:03:21Z" data-provider="TestData" finished-at="2017-07-26T00:03:54Z">
          <params>
            <param index="0">
              <value>
                <![CDATA[debazroy@gmail.com]]>
              </value>
            </param>
            <param index="1">
              <value>
                <![CDATA[Nabonita2]]>
              </value>
            </param>
          </params>
          <reporter-output>
          </reporter-output>
        </test-method> <!-- login_Amazon -->
        <test-method status="PASS" signature="login_Amazon(java.lang.String, java.lang.String)[pri:0, instance:DDT.Amazon_Login@56ac3a89]" name="login_Amazon" duration-ms="44546" started-at="2017-07-26T00:03:54Z" data-provider="TestData" finished-at="2017-07-26T00:04:38Z">
          <params>
            <param index="0">
              <value>
                <![CDATA[debazzroy@yahoo.in]]>
              </value>
            </param>
            <param index="1">
              <value>
                <![CDATA[Nabonita2]]>
              </value>
            </param>
          </params>
          <reporter-output>
          </reporter-output>
        </test-method> <!-- login_Amazon -->
      </class> <!-- DDT.Amazon_Login -->
    </test> <!-- Default test -->
  </suite> <!-- Default suite -->
</testng-results>
